0 info it worked if it ends with ok
1 verbose cli [ '/Users/kenwheeler/local/bin/node',
1 verbose cli   '/Users/kenwheeler/local/bin/npm',
1 verbose cli   'install',
1 verbose cli   'immutable-js',
1 verbose cli   '--save' ]
2 info using npm@1.4.28
3 info using node@v0.10.32
4 warn package.json karma-chrome-launcher@0.1.7 No README data
5 warn package.json karma-firefox-launcher@0.1.4 No README data
6 warn package.json jsxhint-loader@0.2.0 No repository field.
7 verbose readDependencies using package.json deps
8 verbose cache add [ 'immutable-js', null ]
9 verbose cache add name=undefined spec="immutable-js" args=["immutable-js",null]
10 verbose parsed url { protocol: null,
10 verbose parsed url   slashes: null,
10 verbose parsed url   auth: null,
10 verbose parsed url   host: null,
10 verbose parsed url   port: null,
10 verbose parsed url   hostname: null,
10 verbose parsed url   hash: null,
10 verbose parsed url   search: null,
10 verbose parsed url   query: null,
10 verbose parsed url   pathname: 'immutable-js',
10 verbose parsed url   path: 'immutable-js',
10 verbose parsed url   href: 'immutable-js' }
11 silly lockFile 54c5e4db-immutable-js immutable-js
12 verbose lock immutable-js /Users/kenwheeler/.npm/54c5e4db-immutable-js.lock
13 silly lockFile 54c5e4db-immutable-js immutable-js
14 silly lockFile 54c5e4db-immutable-js immutable-js
15 verbose addNamed [ 'immutable-js', '' ]
16 verbose addNamed [ null, '*' ]
17 silly lockFile 4a07e735-immutable-js immutable-js@
18 verbose lock immutable-js@ /Users/kenwheeler/.npm/4a07e735-immutable-js.lock
19 silly addNameRange { name: 'immutable-js', range: '*', hasData: false }
20 verbose request where is /immutable-js
21 verbose request registry https://registry.npmjs.org/
22 verbose request id 809fa15c0ef38344
23 verbose url raw /immutable-js
24 verbose url resolving [ 'https://registry.npmjs.org/', './immutable-js' ]
25 verbose url resolved https://registry.npmjs.org/immutable-js
26 verbose request where is https://registry.npmjs.org/immutable-js
27 info trying registry request attempt 1 at 23:04:44
28 http GET https://registry.npmjs.org/immutable-js
29 http 404 https://registry.npmjs.org/immutable-js
30 verbose headers { date: 'Sun, 22 Mar 2015 03:04:44 GMT',
30 verbose headers   server: 'CouchDB/1.5.0 (Erlang OTP/R16B03)',
30 verbose headers   'content-type': 'application/json',
30 verbose headers   'cache-control': 'max-age=0',
30 verbose headers   'content-length': '51',
30 verbose headers   'accept-ranges': 'bytes',
30 verbose headers   via: '1.1 varnish',
30 verbose headers   age: '0',
30 verbose headers   'x-served-by': 'cache-jfk1028-JFK',
30 verbose headers   'x-cache': 'MISS',
30 verbose headers   'x-cache-hits': '0',
30 verbose headers   'x-timer': 'S1426993484.439067,VS0,VE81',
30 verbose headers   'keep-alive': 'timeout=10, max=50',
30 verbose headers   connection: 'Keep-Alive' }
31 silly registry.get cb [ 404,
31 silly registry.get   { date: 'Sun, 22 Mar 2015 03:04:44 GMT',
31 silly registry.get     server: 'CouchDB/1.5.0 (Erlang OTP/R16B03)',
31 silly registry.get     'content-type': 'application/json',
31 silly registry.get     'cache-control': 'max-age=0',
31 silly registry.get     'content-length': '51',
31 silly registry.get     'accept-ranges': 'bytes',
31 silly registry.get     via: '1.1 varnish',
31 silly registry.get     age: '0',
31 silly registry.get     'x-served-by': 'cache-jfk1028-JFK',
31 silly registry.get     'x-cache': 'MISS',
31 silly registry.get     'x-cache-hits': '0',
31 silly registry.get     'x-timer': 'S1426993484.439067,VS0,VE81',
31 silly registry.get     'keep-alive': 'timeout=10, max=50',
31 silly registry.get     connection: 'Keep-Alive' } ]
32 silly lockFile 4a07e735-immutable-js immutable-js@
33 silly lockFile 4a07e735-immutable-js immutable-js@
34 error 404 404 Not Found: immutable-js
34 error 404
34 error 404 'immutable-js' is not in the npm registry.
34 error 404 You should bug the author to publish it
34 error 404 It was specified as a dependency of 'gentest'
34 error 404
34 error 404 Maybe try 'npm search immutable'
34 error 404
34 error 404 Note that you can also install from a
34 error 404 tarball, folder, or http url, or git url.
35 error System Darwin 14.1.0
36 error command "/Users/kenwheeler/local/bin/node" "/Users/kenwheeler/local/bin/npm" "install" "immutable-js" "--save"
37 error cwd /Users/kenwheeler/Projects/gentest
38 error node -v v0.10.32
39 error npm -v 1.4.28
40 error code E404
41 verbose exit [ 1, true ]
